{
  "0 debug pnpm:scope": {
    "selected": 1,
    "workspacePrefix": "/Users/chenweilian/jingboran/much-more-design"
  },
  "1 error pnpm": {
    "errno": 1,
    "code": "ELIFECYCLE",
    "pkgid": "@much-more/vc-element-plus@1.0.0",
    "stage": "dev",
    "script": "vite",
    "pkgname": "@much-more/vc-element-plus",
    "err": {
      "name": "pnpm",
      "message": "@much-more/vc-element-plus@1.0.0 dev: `vite`\nExit status 1",
      "code": "ELIFECYCLE",
      "stack": "pnpm: @much-more/vc-element-plus@1.0.0 dev: `vite`\nExit status 1\n    at EventEmitter.<anonymous> (/Users/chenweilian/.nvm/versions/node/v16.13.2/lib/node_modules/pnpm/dist/pnpm.cjs:105434:20)\n    at EventEmitter.emit (node:events:390:28)\n    at ChildProcess.<anonymous> (/Users/chenweilian/.nvm/versions/node/v16.13.2/lib/node_modules/pnpm/dist/pnpm.cjs:91983:18)\n    at ChildProcess.emit (node:events:390:28)\n    at maybeClose (node:internal/child_process:1064:16)\n    at Process.ChildProcess._handle.onexit (node:internal/child_process:301:5)"
    }
  },
  "2 warn pnpm:global": " Local package.json exists, but node_modules missing, did you mean to install?"
}